<?xml version="1.0" encoding="UTF-8"?>
<!-- Generated by org.testng.reporters.JUnitXMLReporter -->
<testsuite ignored="0" hostname="DESKTOP-4F545DN" failures="0" tests="2" name="CompatibilityTestingOnChrome" time="170.891" errors="0" timestamp="2023-06-19T11:20:05 IST">
  <testcase classname="com.E_POC2.TestCases.PowerBIDashBoardTest1" name="loginAndDropDownSelection" time="42.703"/>
  <testcase classname="com.E_POC2.TestCases.PowerBIDashBoardTest1" name="monthPerformance" time="55.779"/>
</testsuite> <!-- CompatibilityTestingOnChrome -->
