<?xml version="1.0" encoding="UTF-8"?>
<!-- Generated by org.testng.reporters.JUnitXMLReporter -->
<testsuite ignored="0" hostname="DESKTOP-4F545DN" failures="1" tests="10" name="CompatibilityTestingOnChrome" time="230.817" errors="0" timestamp="2023-06-19T14:38:03 IST">
  <testcase classname="com.E_POC2.TestCases.PowerBIDashBoardTest1" name="loginAndDropDownSelection" time="31.084"/>
  <testcase classname="com.E_POC2.TestCases.PowerBIDashBoardTest1" name="monthPerformance" time="54.853"/>
  <testcase classname="com.E_POC2.TestCases.PowerBIDashBoardTest1" name="lowAttendancePerformance" time="52.813">
    <failure type="java.lang.AssertionError" message="Maps do not have the same size:4 != 1">
      <![CDATA[java.lang.AssertionError: Maps do not have the same size:4 != 1
at com.E_POC2.TestCases.PowerBIDashBoardTest1.lowAttendancePerformance(PowerBIDashBoardTest1.java:176)
at java.base/java.util.ArrayList.forEach(ArrayList.java:1541)
... Removed 30 stack frames]]>
    </failure>
  </testcase> <!-- lowAttendancePerformance -->
  <testcase classname="com.E_POC2.TestCases.PowerBIDashBoardTest1" name="GirdPerformance" time="56.288"/>
  <testcase classname="com.E_POC2.TestCases.PowerBIDashBoardTest1" name="characteristicPerformance" time="3.871"/>
  <testcase classname="com.E_POC2.TestCases.PowerBIDashBoardTest1" name="Marks_Obtained" time="3.522"/>
  <testcase classname="com.E_POC2.TestCases.PowerBIDashBoardTest1" name="total_Marks" time="3.513"/>
  <testcase classname="com.E_POC2.TestCases.PowerBIDashBoardTest1" name="marks_Percentage" time="3.498"/>
  <testcase classname="com.E_POC2.TestCases.PowerBIDashBoardTest1" name="attendance_Percentage" time="3.478"/>
  <testcase classname="com.E_POC2.TestCases.PowerBIDashBoardTest1" name="Group_Marking" time="3.436"/>
</testsuite> <!-- CompatibilityTestingOnChrome -->
