<?xml version="1.0" encoding="UTF-8"?>
<!-- Generated by org.testng.reporters.JUnitXMLReporter -->
<testsuite ignored="0" hostname="DESKTOP-4F545DN" failures="1" tests="3" name="Command line test" time="174.674" errors="0" timestamp="2023-06-19T17:59:24 IST">
  <testcase classname="com.E_POC2.TestCases.PowerBIDashBoardTest" name="loginAndDropDownSelection" time="38.404"/>
  <testcase classname="com.E_POC2.TestCases.PowerBIDashBoardTest" name="monthPerformance" time="61.178"/>
  <testcase classname="com.E_POC2.TestCases.PowerBIDashBoardTest" name="lowAttendancePerformance" time="59.532">
    <failure type="java.lang.AssertionError" message="Maps do not have the same size:4 != 1">
      <![CDATA[java.lang.AssertionError: Maps do not have the same size:4 != 1
at com.E_POC2.TestCases.PowerBIDashBoardTest.lowAttendancePerformance(PowerBIDashBoardTest.java:292)
at java.base/java.util.ArrayList.forEach(ArrayList.java:1541)
... Removed 36 stack frames]]>
    </failure>
  </testcase> <!-- lowAttendancePerformance -->
</testsuite> <!-- Command line test -->
