<?xml version="1.0" encoding="UTF-8" ?>
<testsuite tests="3" failures="1" name="TestSuite" time="176.9" errors="0" skipped="0">
  <properties>
[...]
</properties>
  <testcase classname="com.E_POC2.TestCases.PowerBIDashBoardTest" name="loginAndDropDownSelection" time="38.449"/>
  <testcase classname="com.E_POC2.TestCases.PowerBIDashBoardTest" name="monthPerformance" time="61.229"/>
  <testcase classname="com.E_POC2.TestCases.PowerBIDashBoardTest" name="lowAttendancePerformance" time="59.582">
    <failure message="Maps do not have the same size:4 != 1" type="java.lang.AssertionError">java.lang.AssertionError: Maps do not have the same size:4 != 1
	at org.testng.Assert.fail(Assert.java:110)
	at org.testng.Assert.assertEquals(Assert.java:1967)
	at org.testng.Assert.assertEquals(Assert.java:1925)
	at com.E_POC2.TestCases.PowerBIDashBoardTest.lowAttendancePerformance(PowerBIDashBoardTest.java:292)
</failure>
    <system-out>i : 1 j : 3
Object Data : Institute name=&lt;&lt;G P Mumbai&gt;&gt;
Course name=&lt;&lt;Computer Engineering&gt;&gt;
semester=&lt;&lt;Semester1&gt;&gt;
Subject name=&lt;&lt;Engineering Drawing&gt;&gt;
Teacher Name=&lt;&lt;V V Marathe&gt;&gt;
Student name=&lt;&lt;Aditi M&gt;&gt;
Year=&lt;&lt;2022&gt;&gt;
i : 2 j : 3
Object Data : Institute name=&lt;&lt;G P Mumbai&gt;&gt;
Course name=&lt;&lt;Computer Engineering&gt;&gt;
semester=&lt;&lt;Semester1&gt;&gt;
Subject name=&lt;&lt;Engineering Drawing&gt;&gt;
Teacher Name=&lt;&lt;V V Marathe&gt;&gt;
Student name=&lt;&lt;Diya D&gt;&gt;
Year=&lt;&lt;2022&gt;&gt;
i : 3 j : 3
Object Data : Institute name=&lt;&lt;G P Mumbai&gt;&gt;
Course name=&lt;&lt;Computer Engineering&gt;&gt;
semester=&lt;&lt;Semester1&gt;&gt;
Subject name=&lt;&lt;Engineering Drawing&gt;&gt;
Teacher Name=&lt;&lt;V V Marathe&gt;&gt;
Student name=&lt;&lt;Aditi M&gt;&gt;
Year=&lt;&lt;2022&gt;&gt;
i : 4 j : 3
Object Data : Institute name=&lt;&lt;G P Mumbai&gt;&gt;
Course name=&lt;&lt;Computer Engineering&gt;&gt;
semester=&lt;&lt;Semester1&gt;&gt;
Subject name=&lt;&lt;Engineering Drawing&gt;&gt;
Teacher Name=&lt;&lt;V V Marathe&gt;&gt;
Student name=&lt;&lt;Aditi M&gt;&gt;
Year=&lt;&lt;2022&gt;&gt;
i : 5 j : 3
Object Data : Institute name=&lt;&lt;G P Mumbai&gt;&gt;
Course name=&lt;&lt;Computer Engineering&gt;&gt;
semester=&lt;&lt;Semester1&gt;&gt;
Subject name=&lt;&lt;Engineering Drawing&gt;&gt;
Teacher Name=&lt;&lt;V V Marathe&gt;&gt;
Student name=&lt;&lt;Aditi M&gt;&gt;
Year=&lt;&lt;2022&gt;&gt;
i : 6 j : 3
Object Data : Institute name=&lt;&lt;G P Mumbai&gt;&gt;
Course name=&lt;&lt;Computer Engineering&gt;&gt;
semester=&lt;&lt;Semester1&gt;&gt;
Subject name=&lt;&lt;Engineering Drawing&gt;&gt;
Teacher Name=&lt;&lt;V V Marathe&gt;&gt;
Student name=&lt;&lt;Aditi M&gt;&gt;
Year=&lt;&lt;2022&gt;&gt;
i : 7 j : 3
Object Data : Institute name=&lt;&lt;G P Mumbai&gt;&gt;
Course name=&lt;&lt;Computer Engineering&gt;&gt;
semester=&lt;&lt;Semester1&gt;&gt;
Subject name=&lt;&lt;Engineering Drawing&gt;&gt;
Teacher Name=&lt;&lt;V V Marathe&gt;&gt;
Student name=&lt;&lt;Aditi M&gt;&gt;
Year=&lt;&lt;2022&gt;&gt;
i : 8 j : 3
Object Data : Institute name=&lt;&lt;G P Mumbai&gt;&gt;
Course name=&lt;&lt;Computer Engineering&gt;&gt;
semester=&lt;&lt;Semester1&gt;&gt;
Subject name=&lt;&lt;Engineering Drawing&gt;&gt;
Teacher Name=&lt;&lt;V V Marathe&gt;&gt;
Student name=&lt;&lt;Aditi M&gt;&gt;
Year=&lt;&lt;2022&gt;&gt;
i : 9 j : 3
Object Data : Institute name=&lt;&lt;G P Mumbai&gt;&gt;
Course name=&lt;&lt;Computer Engineering&gt;&gt;
semester=&lt;&lt;Semester1&gt;&gt;
Subject name=&lt;&lt;Engineering Drawing&gt;&gt;
Teacher Name=&lt;&lt;V V Marathe&gt;&gt;
Student name=&lt;&lt;Aditi M&gt;&gt;
Year=&lt;&lt;2022&gt;&gt;
Str.lenght : 7
String data : Institute name=&lt;&lt;G P Mumbai
dropName : Institute_name
String data : 
Course name=&lt;&lt;Computer Engineering
dropName : Course_name
String data : 
semester=&lt;&lt;Semester1
dropName : semester
String data : 
Subject name=&lt;&lt;Engineering Drawing
dropName : Subject_name
String data : 
Teacher Name=&lt;&lt;V V Marathe
dropName : Teacher Name
String data : 
Student name=&lt;&lt;Diya D
dropName : Student_name
String data : 
Year=&lt;&lt;2022
dropName : Year
tHeading1 : [Institute_name, Course_name, semester, Subject_name, Teacher Name, Student_name, Year]
TestDataList1 : [G P Mumbai, Computer Engineering, Semester1, Engineering Drawing, V V Marathe, Diya D, 2022]
getRespectiveTestDataList1
expVal : G P Mumbai
Institute_name List [(Blank), G P Mumbai]
Name : (Blank)
NameSel : slicerCheckbox
Name : G P Mumbai
NameSel : slicerCheckbox selected
Already Selected G P Mumbai
expVal : Computer Engineering
Course_name List [Computer Engineering]
Name : Computer Engineering
NameSel : slicerCheckbox selected
Already Selected Computer Engineering
expVal : Semester1
semester List [Semester 1]
Name : Semester 1
NameSel : slicerCheckbox selected
expVal : Engineering Drawing
Subject_name List [Engineering Drawing]
Name : Engineering Drawing
NameSel : slicerCheckbox selected
Already Selected Engineering Drawing
expVal : V V Marathe
Teacher Name List [V V Marathe]
Name : V V Marathe
NameSel : slicerCheckbox selected
Already Selected V V Marathe
expVal : Diya D
Student_name List [Aditi M, Aryan G, Diya D, Kalyani K, Soniya D]
Name : Aditi M
NameSel : slicerCheckbox selected
Name : Aryan G
NameSel : slicerCheckbox
Name : Diya D
NameSel : slicerCheckbox
Selected Diya D
expVal : 2022
Date Year List [2022]
Name : 2022
NameSel : slicerCheckbox selected
Already Selected 2022
i : 1 j : 4
Object Data : MonthXpath=&lt;&lt;svg[name$=&apos;Line and stacked column chart&apos;] text[class=&apos;setFocusRing&apos;]&gt;&gt;
MonthPerXpath=&lt;&lt;svg[name$=&apos;Line and stacked column chart&apos;] text[class=&apos;label&apos;]&gt;&gt;
i : 2 j : 4
Object Data : LowAttendanceTitleXpath=&lt;&lt;svg[name=&apos;Stacked bar chart&apos;] text[class=&apos;setFocusRing&apos;]&gt;&gt;
LowAttendancePerXpath=&lt;&lt;svg[name=&apos;Stacked bar chart&apos;] text[class=&apos;label&apos;]&gt;&gt;
i : 3 j : 4
Object Data : GridHeadingList=&lt;&lt;div[role=columnheader]&gt;&gt;
GridData=&lt;&lt;div[role=gridcell]&gt;&gt;
i : 4 j : 4
Object Data : CharFrame=&lt;&lt;iframe[class=visual-sandbox]&gt;&gt;
CharData=&lt;&lt;div[id=sandbox-host] g[class=word] text:nth-of-type(1)&gt;&gt;
i : 5 j : 4
Object Data : 
Marks_Obtained=&lt;&lt;//*[local-name()=&apos;svg&apos; and contains(@aria-label,&apos;Sum of Marks_Obtained&apos;)]//*[local-name()=&apos;tspan&apos;]&gt;&gt;
i : 6 j : 4
Object Data : 
Total_Marks=&lt;&lt;//*[local-name()=&apos;svg&apos; and contains(@aria-label,&apos;Sum of Total_Marks&apos;)]//*[local-name()=&apos;tspan&apos;]&gt;&gt;
i : 7 j : 4
Object Data : 
Marks_Percentage=&lt;&lt;//*[local-name()=&apos;svg&apos; and contains(@aria-label,&apos;Percentage&apos;)]//*[local-name()=&apos;tspan&apos;]&gt;&gt;
i : 8 j : 4
Object Data : 
Attendance_Percentage=&lt;&lt;//*[local-name()=&apos;svg&apos; and contains(@aria-label,&apos;attendence_percentage&apos;)]//*[local-name()=&apos;tspan&apos;]&gt;&gt;
i : 9 j : 4
Object Data : 
Attendance_Percentage=&lt;&lt;(//*[local-name()=&apos;svg&apos; and contains(@aria-label,&apos;Group&apos;)]//*[local-name()=&apos;tspan&apos;])[1]&gt;&gt;
Str.lenght : 2
String data : LowAttendanceTitleXpath=&lt;&lt;svg[name=&apos;Stacked bar chart&apos;] text[class=&apos;setFocusRing&apos;]
dropName : LowAttendanceTitleXpath
String data : 
LowAttendancePerXpath=&lt;&lt;svg[name=&apos;Stacked bar chart&apos;] text[class=&apos;label&apos;]
dropName : LowAttendancePerXpath
tHeading1 : [LowAttendanceTitleXpath, LowAttendancePerXpath]
TestDataList1 : [svg[name=&apos;Stacked bar chart&apos;] text[class=&apos;setFocusRing&apos;], svg[name=&apos;Stacked bar chart&apos;] text[class=&apos;label&apos;]]
getRespectiveTestDataList1
Low Attendance Performance........
LowAttendance_Text : Other
LowAttendance_Text : Financial
LowAttendance_Text : Personal
LowAttendance_Text : Health
LowAttendancePer_Text : 28.79%
LowAttendancePer_Text : 25.76%
LowAttendancePer_Text : 24.24%
LowAttendancePer_Text : 21.21%
lowAttendanceNamesList : [Other, Financial, Personal, Health]
lowAttendanceperList : [28.79, 25.76, 24.24, 21.21]
i : 1 j : 5
Object Data : 
PercentagePerMonthQuery=&lt;&lt;SELECT 
    [MONTH] AS attendance_month,
    ROUND(CAST(COUNT(CASE WHEN [Attendance] = &apos;P&apos; THEN [Attendance_id] END) * 100.00 /
        COUNT([Attendance_id]) AS FLOAT),2) AS attendance
FROM   [dbo].[Fact_Attendance]
    WHERE  [Course_id]=20 AND [Subject_id]=112 AND[Fact_Attendance].[Enrollment_No] =22020007 
 GROUP BY [MONTH] ORDER BY [MONTH] DESC&gt;&gt;


i : 2 j : 5
Object Data : 
LowAttendanceReason=&lt;&lt;DECLARE @Absent  nvarchar(100)
Set @Absent=(SELECT COUNT(Attendance)   FROM [dim_student],[Fact_Attendance]
    WHERE [dim_student].[Enrollment_No]=[Fact_Attendance].[Enrollment_No] AND
     [Course_id]=20 AND [Subject_id]=112 AND[Fact_Attendance].[Enrollment_No] =22020007 AND Attendance=&apos;A&apos;)
DECLARE @reason nvarchar(100)
Set @reason=(SELECT  COUNT([Attendance_Remarks])
    FROM [dim_student],[Fact_Attendance]
    WHERE [dim_student].[Enrollment_No]=[Fact_Attendance].[Enrollment_No] AND
     [Course_id]=20 AND [Subject_id]=112 AND[Fact_Attendance].[Enrollment_No] =22020007 AND
      [Attendance_Remarks] in (&apos;Personal&apos;,&apos;Health&apos;,&apos;Financial&apos;,&apos;Other&apos;)group by [Attendance_Remarks] )
SELECT DISTINCT [Attendance_Remarks],ROUND(CAST(((@reason)*100.00)/@Absent AS FLOAT),2) AS Percentage
 FROM [dim_student],[Fact_Attendance]
    WHERE [dim_student].[Enrollment_No]=[Fact_Attendance].[Enrollment_No] AND
     [Course_id]=20 AND [Subject_id]=112 AND [dim_student].[Enrollment_No] =22020007 AND [Attendance_Remarks]!=&apos;Present&apos;;&gt;&gt;
i : 3 j : 5
Object Data : 
GridPerformanceData=&lt;&lt;DECLARE @TotalPrice  nvarchar(100)
Set @TotalPrice =(SELECT COUNT([Attendance]) 
    FROM [POC2].[dbo].[dim_student],[POC2].[dbo].[Fact_Attendance]
    WHERE [dim_student].[Enrollment_No]=[Fact_Attendance].[Enrollment_No] AND
[Course_id]=20 AND [Subject_id]=112 AND[Fact_Attendance].[Enrollment_No] =22020007 AND [Attendance]=&apos;P&apos;)

SELECT Distinct [Student_name] As Student_Name,[Subject_name] as Subject_Name,[Marks_Obtained] As Marks_Obtained,[Total_Marks] as Total_Marks,
 ROUND(CAST(((@TotalPrice)*100.0)/150 AS FLOAT),2)AS &apos;Attendance_percentage&apos;,[Exam_Remark] as &apos;Remark&apos;,[Fact_Attendance].[Enrollment_No]
       FROM [POC2].[dbo].[dim_student],[POC2].[dbo].[dim_subject]
    ,[POC2].[dbo].[Fact_Attendance],[POC2].[dbo].[fact_exam_new],[POC2].[dbo].[dim_course]
    WHERE [dim_student].[Enrollment_No]=[Fact_Attendance].[Enrollment_No] AND
 [dim_student].[Enrollment_No]=[fact_exam_new].[Enrollment_No] AND
[dim_course].[Course_id]=20 AND [dim_subject].[Subject_id]=112 AND [fact_exam_new].[Enrollment_No] =22020007 AND [sem]=1 AND [Marks_Obtained]=66;&gt;&gt;
i : 4 j : 5
Object Data : 
CharacteristicData=&lt;&lt;SELECT [Exam_Remark]
    FROM [POC2].[dbo].[dim_student],[POC2].[dbo].[fact_exam_new]
    WHERE [dim_student].[Enrollment_No]=[fact_exam_new].[Enrollment_No] AND
[Course_id]=20 AND [Subject_id]=112 AND[fact_exam_new].[Enrollment_No]=22020007;&gt;&gt;
i : 5 j : 5
Object Data : 
Marks_ObtainedData=&lt;&lt;SELECT TOP (1000)   [Marks_Obtained]
    FROM [POC2].[dbo].[fact_exam_new],[POC2].[dbo].[dim_student]
    WHERE [dim_student].[Enrollment_No]=[fact_exam_new].[Enrollment_No] AND
[Course_id]=20 AND [Subject_id]=112 AND [fact_exam_new].[Enrollment_No] =22020007;&gt;&gt;
i : 6 j : 5
Object Data : 
Total_MarksData=&lt;&lt;SELECT DISTINCT [Total_Marks]
    FROM [POC2].[dbo].[fact_exam_new],[POC2].[dbo].[dim_student]
    WHERE [dim_student].[Enrollment_No]=[fact_exam_new].[Enrollment_No] AND
[Course_id]=20 AND [Subject_id]=112;&gt;&gt;
i : 7 j : 5
Object Data : 
Marks_PercentageData=&lt;&lt;SELECT [Marks_Obtained]*100/([Total_Marks]) as Percentage
    FROM [POC2].[dbo].[fact_exam_new],[POC2].[dbo].[dim_student]
    WHERE [dim_student].[Enrollment_No]=[fact_exam_new].[Enrollment_No] AND
[Course_id]=20 AND [Subject_id]=112 AND [fact_exam_new].[Enrollment_No] =22020007;&gt;&gt;
i : 8 j : 5
Object Data : 
Attendance_PercentageData=&lt;&lt;DECLARE @TotalPrice  nvarchar(100)
Set @TotalPrice =(SELECT COUNT([Attendance]) 
    FROM [POC2].[dbo].[dim_student],[POC2].[dbo].[Fact_Attendance]
    WHERE [dim_student].[Enrollment_No]=[Fact_Attendance].[Enrollment_No] AND
[Course_id]=20 AND [Subject_id]=112 AND[Fact_Attendance].[Enrollment_No] =22020007 AND [Attendance]=&apos;P&apos;)
SELECT ROUND(CAST(((@TotalPrice)*100.0)/150 AS FLOAT),2) As Attendance_Percentage;&gt;&gt;
i : 9 j : 5
Object Data : 
Group_MarkingData=&lt;&lt;SELECT DISTINCT [Group_student]
FROM [POC2].[dbo].[fact_exam_new] ,
[POC2].[dbo].[dim_student] WHERE
[fact_exam_new].[Enrollment_No]=[dim_student].[Enrollment_No]
AND [Group_student]=&apos;I&apos;;&gt;&gt;
Str.lenght : 1
String data : 
LowAttendanceReason=&lt;&lt;DECLARE @Absent  nvarchar(100)
Set @Absent=(SELECT COUNT(Attendance)   FROM [dim_student],[Fact_Attendance]
    WHERE [dim_student].[Enrollment_No]=[Fact_Attendance].[Enrollment_No] AND
     [Course_id]=20 AND [Subject_id]=112 AND[Fact_Attendance].[Enrollment_No] =22020007 AND Attendance=&apos;A&apos;)
DECLARE @reason nvarchar(100)
Set @reason=(SELECT  COUNT([Attendance_Remarks])
    FROM [dim_student],[Fact_Attendance]
    WHERE [dim_student].[Enrollment_No]=[Fact_Attendance].[Enrollment_No] AND
     [Course_id]=20 AND [Subject_id]=112 AND[Fact_Attendance].[Enrollment_No] =22020007 AND
      [Attendance_Remarks] in (&apos;Personal&apos;,&apos;Health&apos;,&apos;Financial&apos;,&apos;Other&apos;)group by [Attendance_Remarks] )
SELECT DISTINCT [Attendance_Remarks],ROUND(CAST(((@reason)*100.00)/@Absent AS FLOAT),2) AS Percentage
 FROM [dim_student],[Fact_Attendance]
    WHERE [dim_student].[Enrollment_No]=[Fact_Attendance].[Enrollment_No] AND
     [Course_id]=20 AND [Subject_id]=112 AND [dim_student].[Enrollment_No] =22020007 AND [Attendance_Remarks]!=&apos;Present&apos;;
dropName : LowAttendanceReason
tHeading1 : [LowAttendanceReason]
TestDataList1 : [DECLARE @Absent  nvarchar(100)
Set @Absent=(SELECT COUNT(Attendance)   FROM [dim_student],[Fact_Attendance]
    WHERE [dim_student].[Enrollment_No]=[Fact_Attendance].[Enrollment_No] AND
     [Course_id]=20 AND [Subject_id]=112 AND[Fact_Attendance].[Enrollment_No] =22020007 AND Attendance=&apos;A&apos;)
DECLARE @reason nvarchar(100)
Set @reason=(SELECT  COUNT([Attendance_Remarks])
    FROM [dim_student],[Fact_Attendance]
    WHERE [dim_student].[Enrollment_No]=[Fact_Attendance].[Enrollment_No] AND
     [Course_id]=20 AND [Subject_id]=112 AND[Fact_Attendance].[Enrollment_No] =22020007 AND
      [Attendance_Remarks] in (&apos;Personal&apos;,&apos;Health&apos;,&apos;Financial&apos;,&apos;Other&apos;)group by [Attendance_Remarks] )
SELECT DISTINCT [Attendance_Remarks],ROUND(CAST(((@reason)*100.00)/@Absent AS FLOAT),2) AS Percentage
 FROM [dim_student],[Fact_Attendance]
    WHERE [dim_student].[Enrollment_No]=[Fact_Attendance].[Enrollment_No] AND
     [Course_id]=20 AND [Subject_id]=112 AND [dim_student].[Enrollment_No] =22020007 AND [Attendance_Remarks]!=&apos;Present&apos;;]
getRespectiveTestDataList1
visualNamesList_inDb : [Personal]
visualDataList_inDb : [100.00]
ResultSet : SQLServerResultSet:2
Sorted List : [Personal]
</system-out>
  </testcase>
</testsuite>